app/build/intermediates/manifest_merge_blame_file/debug/manifest-merger-blame-debug-report.txt
1<?xml version="1.0" encoding="utf-8"?>
2<manifest xmlns:android="http://schemas.android.com/apk/res/android"
3    package="com.example.personality_style_test"
4    android:versionCode="1"
5    android:versionName="1.0" >
6
7    <uses-sdk
8        android:minSdkVersion="21"
8-->src\main\AndroidManifest.xml
9        android:targetSdkVersion="31" />
9-->src\main\AndroidManifest.xml
10
11    <application
11-->src\main\AndroidManifest.xml:5:5-507:19
12        android:allowBackup="true"
12-->src\main\AndroidManifest.xml:6:9-35
13        android:appComponentFactory="androidx.core.app.CoreComponentFactory"
13-->[androidx.core:core:1.7.0] AndroidManifest.xml:24:18-86
14        android:debuggable="true"
15        android:icon="@mipmap/ic_launcher"
15-->src\main\AndroidManifest.xml:7:9-43
16        android:label="@string/app_name"
16-->src\main\AndroidManifest.xml:8:9-41
17        android:roundIcon="@mipmap/ic_launcher_round"
17-->src\main\AndroidManifest.xml:9:9-54
18        android:supportsRtl="true"
18-->src\main\AndroidManifest.xml:10:9-35
19        android:testOnly="true"
20        android:theme="@style/Theme.Personalitystyletest" >
20-->src\main\AndroidManifest.xml:11:9-58
21        <activity
21-->src\main\AndroidManifest.xml:12:9-14:39
22            android:name="com.example.personality_style_test.personality.personality_result_isfp"
22-->src\main\AndroidManifest.xml:13:13-64
23            android:exported="true" />
23-->src\main\AndroidManifest.xml:14:13-36
24        <activity
24-->src\main\AndroidManifest.xml:15:9-17:39
25            android:name="com.example.personality_style_test.personality.personality_result_isfj"
25-->src\main\AndroidManifest.xml:16:13-64
26            android:exported="true" />
26-->src\main\AndroidManifest.xml:17:13-36
27        <activity
27-->src\main\AndroidManifest.xml:18:9-20:39
28            android:name="com.example.personality_style_test.personality.personality_result_istp"
28-->src\main\AndroidManifest.xml:19:13-64
29            android:exported="true" />
29-->src\main\AndroidManifest.xml:20:13-36
30        <activity
30-->src\main\AndroidManifest.xml:21:9-23:39
31            android:name="com.example.personality_style_test.personality.personality_result_istj"
31-->src\main\AndroidManifest.xml:22:13-64
32            android:exported="true" />
32-->src\main\AndroidManifest.xml:23:13-36
33        <activity
33-->src\main\AndroidManifest.xml:24:9-26:39
34            android:name="com.example.personality_style_test.personality.personality_result_infj"
34-->src\main\AndroidManifest.xml:25:13-64
35            android:exported="true" />
35-->src\main\AndroidManifest.xml:26:13-36
36        <activity
36-->src\main\AndroidManifest.xml:27:9-29:39
37            android:name="com.example.personality_style_test.personality.personality_result_infp"
37-->src\main\AndroidManifest.xml:28:13-64
38            android:exported="true" />
38-->src\main\AndroidManifest.xml:29:13-36
39        <activity
39-->src\main\AndroidManifest.xml:30:9-32:39
40            android:name="com.example.personality_style_test.personality.personality_result_intp"
40-->src\main\AndroidManifest.xml:31:13-64
41            android:exported="true" />
41-->src\main\AndroidManifest.xml:32:13-36
42        <activity
42-->src\main\AndroidManifest.xml:33:9-35:39
43            android:name="com.example.personality_style_test.personality.personality_result_intj"
43-->src\main\AndroidManifest.xml:34:13-64
44            android:exported="true" />
44-->src\main\AndroidManifest.xml:35:13-36
45        <activity
45-->src\main\AndroidManifest.xml:36:9-38:39
46            android:name="com.example.personality_style_test.personality.personality_result_esfp"
46-->src\main\AndroidManifest.xml:37:13-64
47            android:exported="true" />
47-->src\main\AndroidManifest.xml:38:13-36
48        <activity
48-->src\main\AndroidManifest.xml:39:9-41:39
49            android:name="com.example.personality_style_test.personality.personality_result_esfj"
49-->src\main\AndroidManifest.xml:40:13-64
50            android:exported="true" />
50-->src\main\AndroidManifest.xml:41:13-36
51        <activity
51-->src\main\AndroidManifest.xml:42:9-44:39
52            android:name="com.example.personality_style_test.personality.personality_result_estp"
52-->src\main\AndroidManifest.xml:43:13-64
53            android:exported="true" />
53-->src\main\AndroidManifest.xml:44:13-36
54        <activity
54-->src\main\AndroidManifest.xml:45:9-47:39
55            android:name="com.example.personality_style_test.personality.personality_result_estj"
55-->src\main\AndroidManifest.xml:46:13-64
56            android:exported="true" />
56-->src\main\AndroidManifest.xml:47:13-36
57        <activity
57-->src\main\AndroidManifest.xml:48:9-50:39
58            android:name="com.example.personality_style_test.personality.personality_result_enfp"
58-->src\main\AndroidManifest.xml:49:13-64
59            android:exported="true" />
59-->src\main\AndroidManifest.xml:50:13-36
60        <activity
60-->src\main\AndroidManifest.xml:51:9-53:39
61            android:name="com.example.personality_style_test.personality.personality_result_enfj"
61-->src\main\AndroidManifest.xml:52:13-64
62            android:exported="true" />
62-->src\main\AndroidManifest.xml:53:13-36
63        <activity
63-->src\main\AndroidManifest.xml:54:9-56:39
64            android:name="com.example.personality_style_test.personality.personality_result_entp"
64-->src\main\AndroidManifest.xml:55:13-64
65            android:exported="true" />
65-->src\main\AndroidManifest.xml:56:13-36
66        <activity
66-->src\main\AndroidManifest.xml:57:9-59:39
67            android:name="com.example.personality_style_test.personality.personality_result_entj"
67-->src\main\AndroidManifest.xml:58:13-64
68            android:exported="true" />
68-->src\main\AndroidManifest.xml:59:13-36
69        <activity
69-->src\main\AndroidManifest.xml:60:9-62:39
70            android:name="com.example.personality_style_test.personality.personality_40_Activity"
70-->src\main\AndroidManifest.xml:61:13-64
71            android:exported="true" />
71-->src\main\AndroidManifest.xml:62:13-36
72        <activity
72-->src\main\AndroidManifest.xml:63:9-65:39
73            android:name="com.example.personality_style_test.personality.personality_39_Activity"
73-->src\main\AndroidManifest.xml:64:13-64
74            android:exported="true" />
74-->src\main\AndroidManifest.xml:65:13-36
75        <activity
75-->src\main\AndroidManifest.xml:66:9-68:39
76            android:name="com.example.personality_style_test.personality.personality_38_Activity"
76-->src\main\AndroidManifest.xml:67:13-64
77            android:exported="true" />
77-->src\main\AndroidManifest.xml:68:13-36
78        <activity
78-->src\main\AndroidManifest.xml:69:9-71:39
79            android:name="com.example.personality_style_test.personality.personality_37_Activity"
79-->src\main\AndroidManifest.xml:70:13-64
80            android:exported="true" />
80-->src\main\AndroidManifest.xml:71:13-36
81        <activity
81-->src\main\AndroidManifest.xml:72:9-74:39
82            android:name="com.example.personality_style_test.personality.personality_36_Activity"
82-->src\main\AndroidManifest.xml:73:13-64
83            android:exported="true" />
83-->src\main\AndroidManifest.xml:74:13-36
84        <activity
84-->src\main\AndroidManifest.xml:75:9-77:39
85            android:name="com.example.personality_style_test.personality.personality_35_Activity"
85-->src\main\AndroidManifest.xml:76:13-64
86            android:exported="true" />
86-->src\main\AndroidManifest.xml:77:13-36
87        <activity
87-->src\main\AndroidManifest.xml:78:9-80:39
88            android:name="com.example.personality_style_test.personality.personality_34_Activity"
88-->src\main\AndroidManifest.xml:79:13-64
89            android:exported="true" />
89-->src\main\AndroidManifest.xml:80:13-36
90        <activity
90-->src\main\AndroidManifest.xml:81:9-83:39
91            android:name="com.example.personality_style_test.personality.personality_33_Activity"
91-->src\main\AndroidManifest.xml:82:13-64
92            android:exported="true" />
92-->src\main\AndroidManifest.xml:83:13-36
93        <activity
93-->src\main\AndroidManifest.xml:84:9-86:39
94            android:name="com.example.personality_style_test.personality.personality_32_Activity"
94-->src\main\AndroidManifest.xml:85:13-64
95            android:exported="true" />
95-->src\main\AndroidManifest.xml:86:13-36
96        <activity
96-->src\main\AndroidManifest.xml:87:9-89:39
97            android:name="com.example.personality_style_test.personality.personality_31_Activity"
97-->src\main\AndroidManifest.xml:88:13-64
98            android:exported="true" />
98-->src\main\AndroidManifest.xml:89:13-36
99        <activity
99-->src\main\AndroidManifest.xml:90:9-92:39
100            android:name="com.example.personality_style_test.personality.personality_30_Activity"
100-->src\main\AndroidManifest.xml:91:13-64
101            android:exported="true" />
101-->src\main\AndroidManifest.xml:92:13-36
102        <activity
102-->src\main\AndroidManifest.xml:93:9-95:39
103            android:name="com.example.personality_style_test.personality.personality_29_Activity"
103-->src\main\AndroidManifest.xml:94:13-64
104            android:exported="true" />
104-->src\main\AndroidManifest.xml:95:13-36
105        <activity
105-->src\main\AndroidManifest.xml:96:9-98:39
106            android:name="com.example.personality_style_test.personality.personality_28_Activity"
106-->src\main\AndroidManifest.xml:97:13-64
107            android:exported="true" />
107-->src\main\AndroidManifest.xml:98:13-36
108        <activity
108-->src\main\AndroidManifest.xml:99:9-101:39
109            android:name="com.example.personality_style_test.personality.personality_27_Activity"
109-->src\main\AndroidManifest.xml:100:13-64
110            android:exported="true" />
110-->src\main\AndroidManifest.xml:101:13-36
111        <activity
111-->src\main\AndroidManifest.xml:102:9-104:39
112            android:name="com.example.personality_style_test.personality.personality_26_Activity"
112-->src\main\AndroidManifest.xml:103:13-64
113            android:exported="true" />
113-->src\main\AndroidManifest.xml:104:13-36
114        <activity
114-->src\main\AndroidManifest.xml:105:9-107:39
115            android:name="com.example.personality_style_test.personality.personality_25_Activity"
115-->src\main\AndroidManifest.xml:106:13-64
116            android:exported="true" />
116-->src\main\AndroidManifest.xml:107:13-36
117        <activity
117-->src\main\AndroidManifest.xml:108:9-110:39
118            android:name="com.example.personality_style_test.personality.personality_24_Activity"
118-->src\main\AndroidManifest.xml:109:13-64
119            android:exported="true" />
119-->src\main\AndroidManifest.xml:110:13-36
120        <activity
120-->src\main\AndroidManifest.xml:111:9-113:39
121            android:name="com.example.personality_style_test.personality.personality_23_Activity"
121-->src\main\AndroidManifest.xml:112:13-64
122            android:exported="true" />
122-->src\main\AndroidManifest.xml:113:13-36
123        <activity
123-->src\main\AndroidManifest.xml:114:9-116:39
124            android:name="com.example.personality_style_test.personality.personality_22_Activity"
124-->src\main\AndroidManifest.xml:115:13-64
125            android:exported="true" />
125-->src\main\AndroidManifest.xml:116:13-36
126        <activity
126-->src\main\AndroidManifest.xml:117:9-119:39
127            android:name="com.example.personality_style_test.personality.personality_21_Activity"
127-->src\main\AndroidManifest.xml:118:13-64
128            android:exported="true" />
128-->src\main\AndroidManifest.xml:119:13-36
129        <activity
129-->src\main\AndroidManifest.xml:120:9-122:39
130            android:name="com.example.personality_style_test.personality.personality_20_Activity"
130-->src\main\AndroidManifest.xml:121:13-64
131            android:exported="true" />
131-->src\main\AndroidManifest.xml:122:13-36
132        <activity
132-->src\main\AndroidManifest.xml:123:9-125:39
133            android:name="com.example.personality_style_test.personality.personality_19_Activity"
133-->src\main\AndroidManifest.xml:124:13-64
134            android:exported="true" />
134-->src\main\AndroidManifest.xml:125:13-36
135        <activity
135-->src\main\AndroidManifest.xml:126:9-128:39
136            android:name="com.example.personality_style_test.personality.personality_18_Activity"
136-->src\main\AndroidManifest.xml:127:13-64
137            android:exported="true" />
137-->src\main\AndroidManifest.xml:128:13-36
138        <activity
138-->src\main\AndroidManifest.xml:129:9-131:39
139            android:name="com.example.personality_style_test.personality.personality_17_Activity"
139-->src\main\AndroidManifest.xml:130:13-64
140            android:exported="true" />
140-->src\main\AndroidManifest.xml:131:13-36
141        <activity
141-->src\main\AndroidManifest.xml:132:9-134:39
142            android:name="com.example.personality_style_test.personality.personality_16_Activity"
142-->src\main\AndroidManifest.xml:133:13-64
143            android:exported="true" />
143-->src\main\AndroidManifest.xml:134:13-36
144        <activity
144-->src\main\AndroidManifest.xml:135:9-137:39
145            android:name="com.example.personality_style_test.personality.personality_15_Activity"
145-->src\main\AndroidManifest.xml:136:13-64
146            android:exported="true" />
146-->src\main\AndroidManifest.xml:137:13-36
147        <activity
147-->src\main\AndroidManifest.xml:138:9-140:39
148            android:name="com.example.personality_style_test.personality.personality_14_Activity"
148-->src\main\AndroidManifest.xml:139:13-64
149            android:exported="true" />
149-->src\main\AndroidManifest.xml:140:13-36
150        <activity
150-->src\main\AndroidManifest.xml:141:9-143:39
151            android:name="com.example.personality_style_test.personality.personality_13_Activity"
151-->src\main\AndroidManifest.xml:142:13-64
152            android:exported="true" />
152-->src\main\AndroidManifest.xml:143:13-36
153        <activity
153-->src\main\AndroidManifest.xml:144:9-146:39
154            android:name="com.example.personality_style_test.personality.personality_12_Activity"
154-->src\main\AndroidManifest.xml:145:13-64
155            android:exported="true" />
155-->src\main\AndroidManifest.xml:146:13-36
156        <activity
156-->src\main\AndroidManifest.xml:147:9-149:39
157            android:name="com.example.personality_style_test.personality.personality_11_Activity"
157-->src\main\AndroidManifest.xml:148:13-64
158            android:exported="true" />
158-->src\main\AndroidManifest.xml:149:13-36
159        <activity
159-->src\main\AndroidManifest.xml:150:9-152:39
160            android:name="com.example.personality_style_test.personality.personality_10_Activity"
160-->src\main\AndroidManifest.xml:151:13-64
161            android:exported="true" />
161-->src\main\AndroidManifest.xml:152:13-36
162        <activity
162-->src\main\AndroidManifest.xml:153:9-155:39
163            android:name="com.example.personality_style_test.personality.personality_9_Activity"
163-->src\main\AndroidManifest.xml:154:13-63
164            android:exported="true" />
164-->src\main\AndroidManifest.xml:155:13-36
165        <activity
165-->src\main\AndroidManifest.xml:156:9-158:39
166            android:name="com.example.personality_style_test.personality.personality_8_Activity"
166-->src\main\AndroidManifest.xml:157:13-63
167            android:exported="true" />
167-->src\main\AndroidManifest.xml:158:13-36
168        <activity
168-->src\main\AndroidManifest.xml:159:9-161:39
169            android:name="com.example.personality_style_test.personality.personality_7_Activity"
169-->src\main\AndroidManifest.xml:160:13-63
170            android:exported="true" />
170-->src\main\AndroidManifest.xml:161:13-36
171        <activity
171-->src\main\AndroidManifest.xml:162:9-164:39
172            android:name="com.example.personality_style_test.personality.personality_6_Activity"
172-->src\main\AndroidManifest.xml:163:13-63
173            android:exported="true" />
173-->src\main\AndroidManifest.xml:164:13-36
174        <activity
174-->src\main\AndroidManifest.xml:165:9-167:39
175            android:name="com.example.personality_style_test.personality.personality_5_Activity"
175-->src\main\AndroidManifest.xml:166:13-63
176            android:exported="true" />
176-->src\main\AndroidManifest.xml:167:13-36
177        <activity
177-->src\main\AndroidManifest.xml:168:9-170:39
178            android:name="com.example.personality_style_test.personality.personality_4_Activity"
178-->src\main\AndroidManifest.xml:169:13-63
179            android:exported="true" />
179-->src\main\AndroidManifest.xml:170:13-36
180        <activity
180-->src\main\AndroidManifest.xml:171:9-173:39
181            android:name="com.example.personality_style_test.personality.personality_3_Activity"
181-->src\main\AndroidManifest.xml:172:13-63
182            android:exported="true" />
182-->src\main\AndroidManifest.xml:173:13-36
183        <activity
183-->src\main\AndroidManifest.xml:174:9-176:39
184            android:name="com.example.personality_style_test.personality.personality_2_Activity"
184-->src\main\AndroidManifest.xml:175:13-63
185            android:exported="true" />
185-->src\main\AndroidManifest.xml:176:13-36
186        <activity
186-->src\main\AndroidManifest.xml:177:9-179:39
187            android:name="com.example.personality_style_test.personality.personality_1_Activity"
187-->src\main\AndroidManifest.xml:178:13-63
188            android:exported="true" />
188-->src\main\AndroidManifest.xml:179:13-36
189        <activity
189-->src\main\AndroidManifest.xml:180:9-182:39
190            android:name="com.example.personality_style_test.personality.personalitytest_Activity"
190-->src\main\AndroidManifest.xml:181:13-65
191            android:exported="true" />
191-->src\main\AndroidManifest.xml:182:13-36
192        <activity
192-->src\main\AndroidManifest.xml:183:9-185:39
193            android:name="com.example.personality_style_test.triptest.triptest_result8_Activity"
193-->src\main\AndroidManifest.xml:184:13-63
194            android:exported="true" />
194-->src\main\AndroidManifest.xml:185:13-36
195        <activity
195-->src\main\AndroidManifest.xml:186:9-188:39
196            android:name="com.example.personality_style_test.triptest.triptest_result7_Activity"
196-->src\main\AndroidManifest.xml:187:13-63
197            android:exported="true" />
197-->src\main\AndroidManifest.xml:188:13-36
198        <activity
198-->src\main\AndroidManifest.xml:189:9-191:39
199            android:name="com.example.personality_style_test.triptest.triptest_result6_Activity"
199-->src\main\AndroidManifest.xml:190:13-63
200            android:exported="true" />
200-->src\main\AndroidManifest.xml:191:13-36
201        <activity
201-->src\main\AndroidManifest.xml:192:9-194:39
202            android:name="com.example.personality_style_test.triptest.triptest_result5_Activity"
202-->src\main\AndroidManifest.xml:193:13-63
203            android:exported="true" />
203-->src\main\AndroidManifest.xml:194:13-36
204        <activity
204-->src\main\AndroidManifest.xml:195:9-197:39
205            android:name="com.example.personality_style_test.triptest.triptest_result4_Activity"
205-->src\main\AndroidManifest.xml:196:13-63
206            android:exported="true" />
206-->src\main\AndroidManifest.xml:197:13-36
207        <activity
207-->src\main\AndroidManifest.xml:198:9-200:39
208            android:name="com.example.personality_style_test.triptest.triptest_result3_Activity"
208-->src\main\AndroidManifest.xml:199:13-63
209            android:exported="true" />
209-->src\main\AndroidManifest.xml:200:13-36
210        <activity
210-->src\main\AndroidManifest.xml:201:9-203:39
211            android:name="com.example.personality_style_test.triptest.triptest_result2_Activity"
211-->src\main\AndroidManifest.xml:202:13-63
212            android:exported="true" />
212-->src\main\AndroidManifest.xml:203:13-36
213        <activity
213-->src\main\AndroidManifest.xml:204:9-206:39
214            android:name="com.example.personality_style_test.triptest.triptest_result1_Activity"
214-->src\main\AndroidManifest.xml:205:13-63
215            android:exported="true" />
215-->src\main\AndroidManifest.xml:206:13-36
216        <activity
216-->src\main\AndroidManifest.xml:207:9-209:39
217            android:name="com.example.personality_style_test.triptest.triptest_7_Activity"
217-->src\main\AndroidManifest.xml:208:13-57
218            android:exported="true" />
218-->src\main\AndroidManifest.xml:209:13-36
219        <activity
219-->src\main\AndroidManifest.xml:210:9-212:39
220            android:name="com.example.personality_style_test.triptest.triptest_6_Activity"
220-->src\main\AndroidManifest.xml:211:13-57
221            android:exported="true" />
221-->src\main\AndroidManifest.xml:212:13-36
222        <activity
222-->src\main\AndroidManifest.xml:213:9-215:39
223            android:name="com.example.personality_style_test.triptest.triptest_5_Activity"
223-->src\main\AndroidManifest.xml:214:13-57
224            android:exported="true" />
224-->src\main\AndroidManifest.xml:215:13-36
225        <activity
225-->src\main\AndroidManifest.xml:216:9-218:39
226            android:name="com.example.personality_style_test.triptest.triptest_4_Activity"
226-->src\main\AndroidManifest.xml:217:13-57
227            android:exported="true" />
227-->src\main\AndroidManifest.xml:218:13-36
228        <activity
228-->src\main\AndroidManifest.xml:219:9-221:39
229            android:name="com.example.personality_style_test.triptest.triptest_3_Activity"
229-->src\main\AndroidManifest.xml:220:13-57
230            android:exported="true" />
230-->src\main\AndroidManifest.xml:221:13-36
231        <activity
231-->src\main\AndroidManifest.xml:222:9-224:39
232            android:name="com.example.personality_style_test.triptest.triptest_2_Activity"
232-->src\main\AndroidManifest.xml:223:13-57
233            android:exported="true" />
233-->src\main\AndroidManifest.xml:224:13-36
234        <activity
234-->src\main\AndroidManifest.xml:225:9-227:39
235            android:name="com.example.personality_style_test.triptest.triptest_1_Activity"
235-->src\main\AndroidManifest.xml:226:13-57
236            android:exported="true" />
236-->src\main\AndroidManifest.xml:227:13-36
237        <activity
237-->src\main\AndroidManifest.xml:228:9-230:39
238            android:name="com.example.personality_style_test.santatest.santatest_result4_Activity"
238-->src\main\AndroidManifest.xml:229:13-65
239            android:exported="true" />
239-->src\main\AndroidManifest.xml:230:13-36
240        <activity
240-->src\main\AndroidManifest.xml:231:9-233:39
241            android:name="com.example.personality_style_test.santatest.santatest_result3_Activity"
241-->src\main\AndroidManifest.xml:232:13-65
242            android:exported="true" />
242-->src\main\AndroidManifest.xml:233:13-36
243        <activity
243-->src\main\AndroidManifest.xml:234:9-236:39
244            android:name="com.example.personality_style_test.santatest.santatest_result2_Activity"
244-->src\main\AndroidManifest.xml:235:13-65
245            android:exported="true" />
245-->src\main\AndroidManifest.xml:236:13-36
246        <activity
246-->src\main\AndroidManifest.xml:237:9-239:39
247            android:name="com.example.personality_style_test.santatest.santatest_result1_Activity"
247-->src\main\AndroidManifest.xml:238:13-65
248            android:exported="true" />
248-->src\main\AndroidManifest.xml:239:13-36
249        <activity
249-->src\main\AndroidManifest.xml:240:9-242:39
250            android:name="com.example.personality_style_test.santatest.santatest_6_Activity"
250-->src\main\AndroidManifest.xml:241:13-59
251            android:exported="true" />
251-->src\main\AndroidManifest.xml:242:13-36
252        <activity
252-->src\main\AndroidManifest.xml:243:9-245:39
253            android:name="com.example.personality_style_test.santatest.santatest_5_Activity"
253-->src\main\AndroidManifest.xml:244:13-59
254            android:exported="true" />
254-->src\main\AndroidManifest.xml:245:13-36
255        <activity
255-->src\main\AndroidManifest.xml:246:9-248:39
256            android:name="com.example.personality_style_test.santatest.santatest_4_Activity"
256-->src\main\AndroidManifest.xml:247:13-59
257            android:exported="true" />
257-->src\main\AndroidManifest.xml:248:13-36
258        <activity
258-->src\main\AndroidManifest.xml:249:9-251:39
259            android:name="com.example.personality_style_test.santatest.santatest_3_Activity"
259-->src\main\AndroidManifest.xml:250:13-59
260            android:exported="true" />
260-->src\main\AndroidManifest.xml:251:13-36
261        <activity
261-->src\main\AndroidManifest.xml:252:9-254:39
262            android:name="com.example.personality_style_test.santatest.santatest_2_Activity"
262-->src\main\AndroidManifest.xml:253:13-59
263            android:exported="true" />
263-->src\main\AndroidManifest.xml:254:13-36
264        <activity
264-->src\main\AndroidManifest.xml:255:9-257:39
265            android:name="com.example.personality_style_test.santatest.santatest_1_Activity"
265-->src\main\AndroidManifest.xml:256:13-59
266            android:exported="true" />
266-->src\main\AndroidManifest.xml:257:13-36
267        <activity
267-->src\main\AndroidManifest.xml:258:9-260:39
268            android:name="com.example.personality_style_test.planttest.planttest_result3_Activity"
268-->src\main\AndroidManifest.xml:259:13-65
269            android:exported="true" />
269-->src\main\AndroidManifest.xml:260:13-36
270        <activity
270-->src\main\AndroidManifest.xml:261:9-263:39
271            android:name="com.example.personality_style_test.planttest.planttest_result2_Activity"
271-->src\main\AndroidManifest.xml:262:13-65
272            android:exported="true" />
272-->src\main\AndroidManifest.xml:263:13-36
273        <activity
273-->src\main\AndroidManifest.xml:264:9-266:39
274            android:name="com.example.personality_style_test.planttest.planttest_result1_Activity"
274-->src\main\AndroidManifest.xml:265:13-65
275            android:exported="true" />
275-->src\main\AndroidManifest.xml:266:13-36
276        <activity
276-->src\main\AndroidManifest.xml:267:9-269:39
277            android:name="com.example.personality_style_test.planttest.planttest_5_Activity"
277-->src\main\AndroidManifest.xml:268:13-59
278            android:exported="true" />
278-->src\main\AndroidManifest.xml:269:13-36
279        <activity
279-->src\main\AndroidManifest.xml:270:9-272:39
280            android:name="com.example.personality_style_test.planttest.planttest_4_Activity"
280-->src\main\AndroidManifest.xml:271:13-59
281            android:exported="true" />
281-->src\main\AndroidManifest.xml:272:13-36
282        <activity
282-->src\main\AndroidManifest.xml:273:9-275:39
283            android:name="com.example.personality_style_test.planttest.planttest_3_Activity"
283-->src\main\AndroidManifest.xml:274:13-59
284            android:exported="true" />
284-->src\main\AndroidManifest.xml:275:13-36
285        <activity
285-->src\main\AndroidManifest.xml:276:9-278:39
286            android:name="com.example.personality_style_test.planttest.planttest_2_Activity"
286-->src\main\AndroidManifest.xml:277:13-59
287            android:exported="true" />
287-->src\main\AndroidManifest.xml:278:13-36
288        <activity
288-->src\main\AndroidManifest.xml:279:9-281:39
289            android:name="com.example.personality_style_test.planttest.planttest_1_Activity"
289-->src\main\AndroidManifest.xml:280:13-59
290            android:exported="true" />
290-->src\main\AndroidManifest.xml:281:13-36
291        <activity
291-->src\main\AndroidManifest.xml:282:9-284:39
292            android:name="com.example.personality_style_test.foodtest.foodtest_result3_Activity"
292-->src\main\AndroidManifest.xml:283:13-63
293            android:exported="true" />
293-->src\main\AndroidManifest.xml:284:13-36
294        <activity
294-->src\main\AndroidManifest.xml:285:9-287:39
295            android:name="com.example.personality_style_test.foodtest.foodtest_result2_Activity"
295-->src\main\AndroidManifest.xml:286:13-63
296            android:exported="true" />
296-->src\main\AndroidManifest.xml:287:13-36
297        <activity
297-->src\main\AndroidManifest.xml:288:9-290:39
298            android:name="com.example.personality_style_test.foodtest.foodtest_result1_Activity"
298-->src\main\AndroidManifest.xml:289:13-63
299            android:exported="true" />
299-->src\main\AndroidManifest.xml:290:13-36
300        <activity
300-->src\main\AndroidManifest.xml:291:9-293:39
301            android:name="com.example.personality_style_test.foodtest.foodtest_15_Activity"
301-->src\main\AndroidManifest.xml:292:13-58
302            android:exported="true" />
302-->src\main\AndroidManifest.xml:293:13-36
303        <activity
303-->src\main\AndroidManifest.xml:294:9-296:39
304            android:name="com.example.personality_style_test.foodtest.foodtest_14_Activity"
304-->src\main\AndroidManifest.xml:295:13-58
305            android:exported="true" />
305-->src\main\AndroidManifest.xml:296:13-36
306        <activity
306-->src\main\AndroidManifest.xml:297:9-299:39
307            android:name="com.example.personality_style_test.foodtest.foodtest_13_Activity"
307-->src\main\AndroidManifest.xml:298:13-58
308            android:exported="true" />
308-->src\main\AndroidManifest.xml:299:13-36
309        <activity
309-->src\main\AndroidManifest.xml:300:9-302:39
310            android:name="com.example.personality_style_test.foodtest.foodtest_12_Activity"
310-->src\main\AndroidManifest.xml:301:13-58